<?xml version="1.0" encoding="UTF-8" ?>
<testsuite errors="1" failures="0" hostname="LAPTOP-LDSBS6LI" name="ContactUSDAOTest" skipped="0" tests="1" time="0.0" timestamp="2020-07-28T19:15:28">
  <properties>
[...]
</properties>
  <error message="ContactUSDAOTest" type="java.lang.ClassNotFoundException">java.lang.ClassNotFoundException: ContactUSDAOTest
	at java.net.URLClassLoader.findClass(Unknown Source)
	at java.lang.ClassLoader.loadClass(Unknown Source)
	at sun.misc.Launcher$AppClassLoader.loadClass(Unknown Source)
	at java.lang.ClassLoader.loadClass(Unknown Source)
	at java.lang.Class.forName0(Native Method)
	at java.lang.Class.forName(Unknown Source)
</error>
  <system-out><![CDATA[]]></system-out>
  <system-err><![CDATA[]]></system-err>
</testsuite>
